WARNING: A terminally deprecated method in sun.misc.Unsafe has been called
WARNING: sun.misc.Unsafe::objectFieldOffset has been called by com.google.common.util.concurrent.AbstractFuture$UnsafeAtomicHelper (file:/usr/share/maven/lib/guava.jar)
WARNING: Please consider reporting this to the maintainers of class com.google.common.util.concurrent.AbstractFuture$UnsafeAtomicHelper
WARNING: sun.misc.Unsafe::objectFieldOffset will be removed in a future release
[[1;34mINFO[m] Scanning for projects...
[[1;34mINFO[m] 
[[1;34mINFO[m] [1m-------------------------< [0;36morg.example:amazUM[0;1m >-------------------------[m
[[1;34mINFO[m] [1mBuilding amazUM 1.0-SNAPSHOT[m
[[1;34mINFO[m] [1m--------------------------------[ jar ]---------------------------------[m
[[1;34mINFO[m] 
[[1;34mINFO[m] [1m--- [0;32mexec-maven-plugin:3.1.0:java[m [1m(default-cli)[m @ [36mamazUM[0;1m ---[m
🐒 CHAOS MONKEY ATIVADO!
Duração: 300s
Threads: 15

[[1;33mWARNING[m] 
[1;31mjava.lang.Error[m: [1;31mUnresolved compilation problems: 
	The import org.Utils.RequestType cannot be resolved
	RequestType cannot be resolved
	RequestType cannot be resolved
	RequestType cannot be resolved
	RequestType cannot be resolved
	RequestType cannot be resolved
	RequestType cannot be resolved
	RequestType cannot be resolved
	RequestType cannot be resolved
	RequestType cannot be resolved
	RequestType cannot be resolved
	RequestType cannot be resolved
	RequestType cannot be resolved
	RequestType cannot be resolved
[m
    [1mat[m org.Client.ClientStub.<init> ([1mClientStub.java:13[m)
    [1mat[m org.ChaosMonkey.main ([1mChaosMonkey.java:30[m)
    [1mat[m org.codehaus.mojo.exec.ExecJavaMojo$1.run ([1mExecJavaMojo.java:279[m)
    [1mat[m java.lang.Thread.run ([1mThread.java:1474[m)
[[1;34mINFO[m] [1m------------------------------------------------------------------------[m
[[1;34mINFO[m] [1;31mBUILD FAILURE[m
[[1;34mINFO[m] [1m------------------------------------------------------------------------[m
[[1;34mINFO[m] Total time:  0.206 s
[[1;34mINFO[m] Finished at: 2026-01-03T16:04:27Z
[[1;34mINFO[m] [1m------------------------------------------------------------------------[m
[[1;31mERROR[m] Failed to execute goal [32morg.codehaus.mojo:exec-maven-plugin:3.1.0:java[m [1m(default-cli)[m on project [36mamazUM[m: [1;31mAn exception occurred while executing the Java class. Unresolved compilation problems: [m
[[1;31mERROR[m] [1;31m	The import org.Utils.RequestType cannot be resolved[m
[[1;31mERROR[m] [1;31m	RequestType cannot be resolved[m
[[1;31mERROR[m] [1;31m	RequestType cannot be resolved[m
[[1;31mERROR[m] [1;31m	RequestType cannot be resolved[m
[[1;31mERROR[m] [1;31m	RequestType cannot be resolved[m
[[1;31mERROR[m] [1;31m	RequestType cannot be resolved[m
[[1;31mERROR[m] [1;31m	RequestType cannot be resolved[m
[[1;31mERROR[m] [1;31m	RequestType cannot be resolved[m
[[1;31mERROR[m] [1;31m	RequestType cannot be resolved[m
[[1;31mERROR[m] [1;31m	RequestType cannot be resolved[m
[[1;31mERROR[m] [1;31m	RequestType cannot be resolved[m
[[1;31mERROR[m] [1;31m	RequestType cannot be resolved[m
[[1;31mERROR[m] [1;31m	RequestType cannot be resolved[m
[[1;31mERROR[m] [1;31m	RequestType cannot be resolved[m
[[1;31mERROR[m] [1;31m[m
[[1;31mERROR[m] -> [1m[Help 1][m
[[1;31mERROR[m] 
[[1;31mERROR[m] To see the full stack trace of the errors, re-run Maven with the [1m-e[m switch.
[[1;31mERROR[m] Re-run Maven using the [1m-X[m switch to enable full debug logging.
[[1;31mERROR[m] 
[[1;31mERROR[m] For more information about the errors and possible solutions, please read the following articles:
[[1;31mERROR[m] [1m[Help 1][m http://cwiki.apache.org/confluence/display/MAVEN/MojoExecutionException
