[[1;34mINFO[m] Scanning for projects...
[[1;34mINFO[m] 
[[1;34mINFO[m] [1m-------------------------< [0;36morg.example:amazUM[0;1m >-------------------------[m
[[1;34mINFO[m] [1mBuilding amazUM 1.0-SNAPSHOT[m
[[1;34mINFO[m] [1m--------------------------------[ jar ]---------------------------------[m
[[1;34mINFO[m] 
[[1;34mINFO[m] [1m--- [0;32mexec-maven-plugin:3.1.0:java[m [1m(default-cli)[m @ [36mamazUM[0;1m ---[m
🐒 CHAOS MONKEY ATIVADO!
Duração: 300s
Threads: 15

Connected to the server: localhost:12345
Server response: Disconnect acknowledged
Connected to the server: localhost:12345
Server response: Disconnect acknowledged
Connected to the server: localhost:12345
Server response: Disconnect acknowledged
Connected to the server: localhost:12345
Server response: Disconnect acknowledged
Connected to the server: localhost:12345
Server response: Disconnect acknowledged
Connected to the server: localhost:12345
Server response: Disconnect acknowledged
Connected to the server: localhost:12345
Server response: Disconnect acknowledged
Connected to the server: localhost:12345
Server response: Disconnect acknowledged
Connected to the server: localhost:12345
Server response: Disconnect acknowledged
Connected to the server: localhost:12345
Server response: Disconnect acknowledged
Connected to the server: localhost:12345
Server response: Disconnect acknowledged
Connected to the server: localhost:12345
Server response: Disconnect acknowledged
Connected to the server: localhost:12345
Server response: Disconnect acknowledged
Connected to the server: localhost:12345
Server response: Disconnect acknowledged
Connected to the server: localhost:12345
Server response: Disconnect acknowledged
Connected to the server: localhost:12345
Sending authentication request
Connected to the server: localhost:12345
Sending authentication request
Connected to the server: localhost:12345
Sending authentication request
Connected to the server: localhost:12345
Sending authentication request
Connected to the server: localhost:12345
Sending authentication request
Connected to the server: localhost:12345
Sending authentication request
Connected to the server: localhost:12345
Sending authentication request
Connected to the server: localhost:12345
Sending authentication request
Connected to the server: localhost:12345
Sending authentication request
Connected to the server: localhost:12345
Sending authentication request
Connected to the server: localhost:12345
Sending authentication request
Connected to the server: localhost:12345
Sending authentication request
Connected to the server: localhost:12345
Sending authentication request
Connected to the server: localhost:12345
Sending authentication request
Connected to the server: localhost:12345
Sending authentication request
[CHAOS] Ops: 19676 | Erros: 0 (0.00%) | Network: 0 | Timeouts: 0
[CHAOS] Ops: 39471 | Erros: 0 (0.00%) | Network: 0 | Timeouts: 0
[CHAOS] Ops: 59196 | Erros: 0 (0.00%) | Network: 0 | Timeouts: 0
[CHAOS] Ops: 79072 | Erros: 0 (0.00%) | Network: 0 | Timeouts: 0
[CHAOS] Ops: 99018 | Erros: 0 (0.00%) | Network: 0 | Timeouts: 0
[CHAOS] Ops: 118896 | Erros: 0 (0.00%) | Network: 0 | Timeouts: 0
[CHAOS] Ops: 138844 | Erros: 0 (0.00%) | Network: 0 | Timeouts: 0
[CHAOS] Ops: 158851 | Erros: 0 (0.00%) | Network: 0 | Timeouts: 0
[CHAOS] Ops: 178678 | Erros: 0 (0.00%) | Network: 0 | Timeouts: 0
[CHAOS] Ops: 198416 | Erros: 0 (0.00%) | Network: 0 | Timeouts: 0
[CHAOS] Ops: 218447 | Erros: 0 (0.00%) | Network: 0 | Timeouts: 0
[CHAOS] Ops: 238457 | Erros: 0 (0.00%) | Network: 0 | Timeouts: 0
[CHAOS] Ops: 258766 | Erros: 0 (0.00%) | Network: 0 | Timeouts: 0
[CHAOS] Ops: 278892 | Erros: 0 (0.00%) | Network: 0 | Timeouts: 0
[CHAOS] Ops: 298457 | Erros: 0 (0.00%) | Network: 0 | Timeouts: 0
[CHAOS] Ops: 318644 | Erros: 0 (0.00%) | Network: 0 | Timeouts: 0
[CHAOS] Ops: 338282 | Erros: 0 (0.00%) | Network: 0 | Timeouts: 0
[CHAOS] Ops: 357895 | Erros: 0 (0.00%) | Network: 0 | Timeouts: 0
[CHAOS] Ops: 377987 | Erros: 0 (0.00%) | Network: 0 | Timeouts: 0
